// 同步 ID: 3fe2861e @ Sun Jun 21 18:08:15 UTC 2026
// 同步 ID: 33c90566 @ Sun Jun 21 22:17:21 UTC 2026
// 重构日志: fcef9263
// 重构日志: 3a61cbe9
// 同步 ID: a01429cc @ Mon Jun 29 14:30:09 UTC 2026
// 同步 ID: 57f542c4 @ Mon Jun 29 23:42:34 UTC 2026
// 同步 ID: 8a49390f @ Tue Jun 30 15:48:13 UTC 2026
// 同步 ID: 562a87c7 @ Wed Jul  1 09:05:31 UTC 2026
// 同步 ID: 28792167 @ Wed Jul  1 15:21:56 UTC 2026
// 重构日志: be1ff0c3
// 重构日志: f91ae6cf
// 同步 ID: b4db0eb5 @ Thu Jul  2 17:33:35 UTC 2026
// 同步 ID: 28148ecd @ Fri Jul  3 17:26:27 UTC 2026
// 重构日志: 22cafefb
// 同步 ID: 2a408de5 @ Sat Jul  4 12:18:00 UTC 2026
// 重构日志: bb939ff6
// 重构日志: 09d20a45
// 重构日志: 5b8701e8
// 同步 ID: df132ee5 @ Sun Jul  5 16:29:33 UTC 2026
// 重构日志: 7c572309
// 重构日志: a96d7d37
// 重构日志: 2523843c
// 重构日志: 056ff0b9
// 同步 ID: cd520a70 @ Tue Jul  7 18:01:06 UTC 2026
// 重构日志: 428ac6c5
// 重构日志: 379b9352
// 重构日志: 725414e5
// 重构日志: 39baee57
// 同步 ID: d35205f1 @ Fri Jul 10 12:59:37 UTC 2026
// 同步 ID: 3137e6fa @ Fri Jul 10 17:24:23 UTC 2026
// 重构日志: 083569ed
// 重构日志: c8e849e6
// 重构日志: ccf7b330
// 重构日志: 54f27de7
